Thu 07 Sep 2023 04:47:56 PM UTC: 
 tests:  0|6
total_score: 0/70
2331379
Thu 07 Sep 2023 04:52:21 PM UTC: 
 hashmap.c | 6 +++++-
 1 file changed, 5 insertions(+), 1 deletion(-)
In file included from test.c:4:
hashmap.c: In function ‘createMap’:
hashmap.c:56:61: error: expected ‘)’ before ‘;’ token
   56 |   HashMap * map = (HashMap*) malloc(capacity*sizeof(HashMap);
      |                                    ~                        ^
      |                                                             )
test.c:511:1: error: expected declaration or statement at end of input
  511 | }
      | ^
In file included from test.c:4:
hashmap.c:56:13: error: unused variable ‘map’ [-Werror=unused-variable]
   56 |   HashMap * map = (HashMap*) malloc(capacity*sizeof(HashMap);
      |             ^~~
test.c:512: error: control reaches end of non-void function [-Werror=return-type]
cc1: all warnings being treated as errors
Compilation failed
f5ca0bc
Thu 07 Sep 2023 04:52:34 PM UTC: 
 hashmap.c | 3 +--
 1 file changed, 1 insertion(+), 2 deletions(-)
In file included from test.c:4:
hashmap.c: In function ‘createMap’:
hashmap.c:56:61: error: expected ‘)’ before ‘;’ token
   56 |   HashMap * map = (HashMap*) malloc(capacity*sizeof(HashMap);
      |                                    ~                        ^
      |                                                             )
test.c:511:1: error: expected declaration or statement at end of input
  511 | }
      | ^
In file included from test.c:4:
hashmap.c:56:13: error: unused variable ‘map’ [-Werror=unused-variable]
   56 |   HashMap * map = (HashMap*) malloc(capacity*sizeof(HashMap);
      |             ^~~
test.c:512: error: control reaches end of non-void function [-Werror=return-type]
cc1: all warnings being treated as errors
Compilation failed
cb7b6cd
Thu 07 Sep 2023 04:53:00 PM UTC: 
 hashmap.c | 2 +-
 1 file changed, 1 insertion(+), 1 deletion(-)
In file included from test.c:4:
hashmap.c: In function ‘createMap’:
hashmap.c:57:56: error: expected ‘)’ before ‘;’ token
   57 |   map->buckets = (Pair*) calloc(capacity, sizeof(Pair*);
      |                                ~                       ^
      |                                                        )
hashmap.c:57:16: error: assignment to ‘Pair **’ from incompatible pointer type ‘Pair *’ [-Werror=incompatible-pointer-types]
   57 |   map->buckets = (Pair*) calloc(capacity, sizeof(Pair*);
      |                ^
hashmap.c:59:14: error: expected ‘;’ before ‘}’ token
   59 |   return map;
      |              ^
      |              ;
   60 | }
      | ~             
hashmap.c:60:1: error: control reaches end of non-void function [-Werror=return-type]
   60 | }
      | ^
cc1: all warnings being treated as errors
Compilation failed
ab6f240
Thu 07 Sep 2023 04:53:12 PM UTC: 
 hashmap.c | 2 +-
 1 file changed, 1 insertion(+), 1 deletion(-)
In file included from test.c:4:
hashmap.c: In function ‘createMap’:
hashmap.c:57:16: error: assignment to ‘Pair **’ from incompatible pointer type ‘Pair *’ [-Werror=incompatible-pointer-types]
   57 |   map->buckets = (Pair*) calloc(capacity, sizeof(Pair*));
      |                ^
cc1: all warnings being treated as errors
Compilation failed
33060d4
Thu 07 Sep 2023 04:53:25 PM UTC: 
 hashmap.c | 2 +-
 1 file changed, 1 insertion(+), 1 deletion(-)
 tests:  0|6
total_score: 0/70
58904ad
Thu 07 Sep 2023 04:54:42 PM UTC: 
 hashmap.c | 2 ++
 1 file changed, 2 insertions(+)
 tests:  1|5
total_score: 10/70
c6741f7
Thu 07 Sep 2023 05:00:38 PM UTC: 
 hashmap.c | 3 ++-
 1 file changed, 2 insertions(+), 1 deletion(-)
 tests:  1|5
total_score: 10/70
de2230f
Thu 07 Sep 2023 05:09:47 PM UTC: 
 hashmap.c | 7 +++++++
 1 file changed, 7 insertions(+)
In file included from test.c:4:
hashmap.c: In function ‘insertMap’:
hashmap.c:44:3: error: ‘indice’ undeclared (first use in this function)
   44 |   indice= hash(key, key->capacity)
      |   ^~~~~~
hashmap.c:44:3: note: each undeclared identifier is reported only once for each function it appears in
hashmap.c:44:24: error: request for member ‘capacity’ in something not a structure or union
   44 |   indice= hash(key, key->capacity)
      |                        ^~
hashmap.c:44:35: error: expected ‘;’ before ‘Pair’
   44 |   indice= hash(key, key->capacity)
      |                                   ^
      |                                   ;
   45 |   Pair newPair = createPair(key, key->capacity);
      |   ~~~~                             
hashmap.c:47:3: error: ‘newPair’ undeclared (first use in this function); did you mean ‘Pair’?
   47 |   newPair->next= map->buckets[indice];
      |   ^~~~~~~
      |   Pair
Compilation failed
54e9d6c
Thu 07 Sep 2023 05:10:03 PM UTC: 
 hashmap.c | 2 +-
 1 file changed, 1 insertion(+), 1 deletion(-)
In file included from test.c:4:
hashmap.c: In function ‘insertMap’:
hashmap.c:44:28: error: request for member ‘capacity’ in something not a structure or union
   44 |   int indice= hash(key, key->capacity)
      |                            ^~
hashmap.c:45:3: error: expected ‘,’ or ‘;’ before ‘Pair’
   45 |   Pair newPair = createPair(key, key->capacity);
      |   ^~~~
hashmap.c:47:3: error: ‘newPair’ undeclared (first use in this function); did you mean ‘Pair’?
   47 |   newPair->next= map->buckets[indice];
      |   ^~~~~~~
      |   Pair
hashmap.c:47:3: note: each undeclared identifier is reported only once for each function it appears in
Compilation failed
8f11c91
Thu 07 Sep 2023 05:10:16 PM UTC: 
 hashmap.c | 2 +-
 1 file changed, 1 insertion(+), 1 deletion(-)
In file included from test.c:4:
hashmap.c: In function ‘insertMap’:
hashmap.c:44:28: error: request for member ‘capacity’ in something not a structure or union
   44 |   int indice= hash(key, key->capacity)
      |                            ^~
hashmap.c:45:3: error: expected ‘,’ or ‘;’ before ‘Pair’
   45 |   Pair * newPair = createPair(key, key->capacity);
      |   ^~~~
hashmap.c:47:3: error: ‘newPair’ undeclared (first use in this function); did you mean ‘Pair’?
   47 |   newPair->next= map->buckets[indice];
      |   ^~~~~~~
      |   Pair
hashmap.c:47:3: note: each undeclared identifier is reported only once for each function it appears in
Compilation failed
03f0267
Thu 07 Sep 2023 05:16:36 PM UTC: 
 hashmap.c | 2 +-
 1 file changed, 1 insertion(+), 1 deletion(-)
In file included from test.c:4:
hashmap.c: In function ‘insertMap’:
hashmap.c:44:28: error: request for member ‘capacity’ in something not a structure or union
   44 |   int indice= hash(key, key->capacity)
      |                            ^~
hashmap.c:45:3: error: expected ‘,’ or ‘;’ before ‘Pair’
   45 |   Pair* newPair = createPair(key, value);
      |   ^~~~
hashmap.c:47:3: error: ‘newPair’ undeclared (first use in this function); did you mean ‘Pair’?
   47 |   newPair->next= map->buckets[indice];
      |   ^~~~~~~
      |   Pair
hashmap.c:47:3: note: each undeclared identifier is reported only once for each function it appears in
Compilation failed
9b612fd
Thu 07 Sep 2023 05:16:46 PM UTC: 
 hashmap.c | 2 +-
 1 file changed, 1 insertion(+), 1 deletion(-)
In file included from test.c:4:
hashmap.c: In function ‘insertMap’:
hashmap.c:44:28: error: request for member ‘capacity’ in something not a structure or union
   44 |   int indice= hash(key, key->capacity)
      |                            ^~
hashmap.c:45:3: error: expected ‘,’ or ‘;’ before ‘Pair’
   45 |   Pair* newPair = createPair(key, key->capacity);
      |   ^~~~
hashmap.c:47:3: error: ‘newPair’ undeclared (first use in this function); did you mean ‘Pair’?
   47 |   newPair->next= map->buckets[indice];
      |   ^~~~~~~
      |   Pair
hashmap.c:47:3: note: each undeclared identifier is reported only once for each function it appears in
Compilation failed
0f5b73e
Thu 07 Sep 2023 05:17:12 PM UTC: 
 hashmap.c | 2 +-
 1 file changed, 1 insertion(+), 1 deletion(-)
In file included from test.c:4:
hashmap.c: In function ‘insertMap’:
hashmap.c:44:28: error: request for member ‘capacity’ in something not a structure or union
   44 |   int indice= hash(key, key->capacity)
      |                            ^~
hashmap.c:45:3: error: expected ‘,’ or ‘;’ before ‘Pair’
   45 |   Pair* newPair = createPair(key,value
      |   ^~~~
hashmap.c:48:26: error: ‘newPair’ undeclared (first use in this function); did you mean ‘Pair’?
   48 |   map->buckets[indice] = newPair;
      |                          ^~~~~~~
      |                          Pair
hashmap.c:48:26: note: each undeclared identifier is reported only once for each function it appears in
Compilation failed
0fd679c
Thu 07 Sep 2023 05:17:18 PM UTC: 
 hashmap.c | 2 +-
 1 file changed, 1 insertion(+), 1 deletion(-)
In file included from test.c:4:
hashmap.c: In function ‘insertMap’:
hashmap.c:44:28: error: request for member ‘capacity’ in something not a structure or union
   44 |   int indice= hash(key, key->capacity)
      |                            ^~
hashmap.c:45:3: error: expected ‘,’ or ‘;’ before ‘Pair’
   45 |   Pair* newPair = createPair(key, key->capacity);
      |   ^~~~
hashmap.c:47:3: error: ‘newPair’ undeclared (first use in this function); did you mean ‘Pair’?
   47 |   newPair->next= map->buckets[indice];
      |   ^~~~~~~
      |   Pair
hashmap.c:47:3: note: each undeclared identifier is reported only once for each function it appears in
Compilation failed
a6216d5
Thu 07 Sep 2023 05:20:55 PM UTC: 
 hashmap.c | 15 ++++++++-------
 1 file changed, 8 insertions(+), 7 deletions(-)
In file included from test.c:4:
hashmap.c: In function ‘insertMap’:
hashmap.c:44:29: error: request for member ‘capacity’ in something not a structure or union
   44 |   int indice = hash(key, key->capacity);
      |                             ^~
hashmap.c:47:19: error: ‘maps’ undeclared (first use in this function); did you mean ‘map’?
   47 |       if(is_equal(maps->buckets[indice]->key, key))
      |                   ^~~~
      |                   map
hashmap.c:47:19: note: each undeclared identifier is reported only once for each function it appears in
Compilation failed
a966384
Thu 07 Sep 2023 05:21:04 PM UTC: 
 hashmap.c | 2 +-
 1 file changed, 1 insertion(+), 1 deletion(-)
In file included from test.c:4:
hashmap.c: In function ‘insertMap’:
hashmap.c:44:29: error: request for member ‘capacity’ in something not a structure or union
   44 |   int indice = hash(key, key->capacity);
      |                             ^~
Compilation failed
8086c1d
Thu 07 Sep 2023 05:21:28 PM UTC: 
 hashmap.c | 2 +-
 1 file changed, 1 insertion(+), 1 deletion(-)
 tests:  0|0
816403c
Thu 07 Sep 2023 05:22:33 PM UTC: 
 hashmap.c | 2 +-
 1 file changed, 1 insertion(+), 1 deletion(-)
 tests:  0|0
552b4c8
Thu 07 Sep 2023 05:23:12 PM UTC: 
 hashmap.c | 4 ++--
 1 file changed, 2 insertions(+), 2 deletions(-)
 tests:  1|5
total_score: 10/70
d35499d
Thu 07 Sep 2023 05:24:11 PM UTC: 
 hashmap.c | 6 ++++--
 1 file changed, 4 insertions(+), 2 deletions(-)
In file included from test.c:4:
hashmap.c: In function ‘insertMap’:
hashmap.c:54:43: error: expected expression before ‘/’ token
   54 |   indice = (indice + 1) % map->capacity; */
      |                                           ^
Compilation failed
d8125b4
Thu 07 Sep 2023 05:24:21 PM UTC: 
 hashmap.c | 2 +-
 1 file changed, 1 insertion(+), 1 deletion(-)
 tests:  0|0
1080ca6
Thu 07 Sep 2023 05:24:56 PM UTC: 
 hashmap.c | 2 +-
 1 file changed, 1 insertion(+), 1 deletion(-)
 tests:  1|5
total_score: 10/70
c53bb93
Thu 07 Sep 2023 05:33:35 PM UTC: 
 hashmap.c | 3 +--
 1 file changed, 1 insertion(+), 2 deletions(-)
 tests:  1|5
total_score: 10/70
7199177
Thu 07 Sep 2023 05:34:53 PM UTC: 
 hashmap.c | 2 +-
 1 file changed, 1 insertion(+), 1 deletion(-)
 tests:  1|5
total_score: 10/70
eade278
Thu 07 Sep 2023 05:37:54 PM UTC: 
 hashmap.c | 2 ++
 1 file changed, 2 insertions(+)
 tests:  1|5
total_score: 10/70
51cf165
Thu 07 Sep 2023 05:40:41 PM UTC: 
 hashmap.c | 1 +
 1 file changed, 1 insertion(+)
In file included from test.c:4:
hashmap.c: In function ‘insertMap’:
hashmap.c:54:37: error: implicit declaration of function ‘_strdup’; did you mean ‘strdup’? [-Werror=implicit-function-declaration]
   54 |   map->buckets[indice] = createPair(_strdup(key), value);
      |                                     ^~~~~~~
      |                                     strdup
hashmap.c:54:37: error: passing argument 1 of ‘createPair’ makes pointer from integer without a cast [-Werror=int-conversion]
   54 |   map->buckets[indice] = createPair(_strdup(key), value);
      |                                     ^~~~~~~~~~~~
      |                                     |
      |                                     int
hashmap.c:19:27: note: expected ‘char *’ but argument is of type ‘int’
   19 | Pair * createPair( char * key,  void * value) {
      |                    ~~~~~~~^~~
test.c: At top level:
test.c:8:8: error: conflicting types for ‘_strdup’; have ‘char *(const char *)’
    8 | char * _strdup(const char * str) {
      |        ^~~~~~~
In file included from test.c:4:
hashmap.c:54:37: note: previous implicit declaration of ‘_strdup’ with type ‘int()’
   54 |   map->buckets[indice] = createPair(_strdup(key), value);
      |                                     ^~~~~~~
cc1: all warnings being treated as errors
Compilation failed
a8dea37
Thu 07 Sep 2023 05:40:58 PM UTC: 
 hashmap.c | 2 +-
 1 file changed, 1 insertion(+), 1 deletion(-)
 tests:  5|4
total_score: 30/70
5bf6eab
Thu 07 Sep 2023 05:47:00 PM UTC: 
 hashmap.c | 7 ++++---
 1 file changed, 4 insertions(+), 3 deletions(-)
In file included from test.c:4:
hashmap.c: In function ‘searchMap’:
hashmap.c:86:5: error: expected ‘=’, ‘,’, ‘;’, ‘asm’ or ‘__attribute__’ before ‘return’
   86 |     return NULL;
      |     ^~~~~~
Compilation failed
ddf717b
Thu 07 Sep 2023 05:47:20 PM UTC: 
 hashmap.c | 4 ++--
 1 file changed, 2 insertions(+), 2 deletions(-)
In file included from test.c:4:
hashmap.c: In function ‘searchMap’:
hashmap.c:87:1: error: control reaches end of non-void function [-Werror=return-type]
   87 | }
      | ^
cc1: all warnings being treated as errors
Compilation failed
9ef4f85
Thu 07 Sep 2023 05:47:39 PM UTC: 
 hashmap.c | 5 ++---
 1 file changed, 2 insertions(+), 3 deletions(-)
 tests:  5|4
total_score: 30/70
6b3fb63
Thu 07 Sep 2023 05:55:33 PM UTC: 
 hashmap.c | 9 ++++++++-
 1 file changed, 8 insertions(+), 1 deletion(-)
In file included from test.c:4:
hashmap.c: In function ‘searchMap’:
hashmap.c:85:44: error: ‘HashMap’ {aka ‘struct HashMap’} has no member named ‘bucket’; did you mean ‘buckets’?
   85 |   while(map->buckets[indice]!=NULL || map->bucket[indice]->key!=NULL)
      |                                            ^~~~~~
      |                                            buckets
Compilation failed
428b3d8
Thu 07 Sep 2023 05:56:00 PM UTC: 
 hashmap.c | 2 +-
 1 file changed, 1 insertion(+), 1 deletion(-)
In file included from test.c:4:
hashmap.c: In function ‘searchMap’:
hashmap.c:85:44: error: ‘HashMap’ {aka ‘struct HashMap’} has no member named ‘bucket’; did you mean ‘buckets’?
   85 |   while(map->buckets[indice]!=NULL || map->bucket[indice]->key!=NULL)
      |                                            ^~~~~~
      |                                            buckets
hashmap.c:93:1: error: control reaches end of non-void function [-Werror=return-type]
   93 | }
      | ^
cc1: all warnings being treated as errors
Compilation failed
0055634
Thu 07 Sep 2023 05:56:20 PM UTC: 
 hashmap.c | 2 +-
 1 file changed, 1 insertion(+), 1 deletion(-)
In file included from test.c:4:
hashmap.c: In function ‘searchMap’:
hashmap.c:85:44: error: ‘HashMap’ {aka ‘struct HashMap’} has no member named ‘bucket’; did you mean ‘buckets’?
   85 |   while(map->buckets[indice]!=NULL || map->bucket[indice]->key!=NULL)
      |                                            ^~~~~~
      |                                            buckets
hashmap.c:87:24: error: ‘HashMap’ {aka ‘struct HashMap’} has no member named ‘bucket’; did you mean ‘buckets’?
   87 |       if(is_equal(map->bucket[indice]->key, key))
      |                        ^~~~~~
      |                        buckets
hashmap.c:93:1: error: control reaches end of non-void function [-Werror=return-type]
   93 | }
      | ^
cc1: all warnings being treated as errors
Compilation failed
2f231a6
Thu 07 Sep 2023 05:56:34 PM UTC: 
 hashmap.c | 4 ++--
 1 file changed, 2 insertions(+), 2 deletions(-)
In file included from test.c:4:
hashmap.c: In function ‘searchMap’:
hashmap.c:93:1: error: control reaches end of non-void function [-Werror=return-type]
   93 | }
      | ^
cc1: all warnings being treated as errors
Compilation failed
98ce048
Thu 07 Sep 2023 05:57:37 PM UTC: 
 hashmap.c | 2 +-
 1 file changed, 1 insertion(+), 1 deletion(-)
 tests:  6|4
total_score: 30/70
bad7dcf
Thu 07 Sep 2023 05:59:25 PM UTC: 
 hashmap.c | 2 +-
 1 file changed, 1 insertion(+), 1 deletion(-)
In file included from test.c:4:
hashmap.c: In function ‘searchMap’:
hashmap.c:93:1: error: control reaches end of non-void function [-Werror=return-type]
   93 | }
      | ^
cc1: all warnings being treated as errors
Compilation failed
fb9971d
Thu 07 Sep 2023 05:59:47 PM UTC: 
 hashmap.c | 1 +
 1 file changed, 1 insertion(+)
 tests:  6|4
total_score: 30/70
e04dc5b
Thu 07 Sep 2023 06:02:16 PM UTC: 
 hashmap.c | 5 ++---
 1 file changed, 2 insertions(+), 3 deletions(-)
In file included from test.c:4:
hashmap.c: In function ‘searchMap’:
hashmap.c:89:13: error: ‘position’ undeclared (first use in this function)
   89 |       if (++position >= map->capacity)
      |             ^~~~~~~~
hashmap.c:89:13: note: each undeclared identifier is reported only once for each function it appears in
Compilation failed
30a9752
Thu 07 Sep 2023 06:03:52 PM UTC: 
 hashmap.c | 4 ++--
 1 file changed, 2 insertions(+), 2 deletions(-)
 tests:  6|4
total_score: 30/70
ea57e8c
Thu 07 Sep 2023 06:04:56 PM UTC: 
 hashmap.c | 3 +++
 1 file changed, 3 insertions(+)
 tests:  0|0
f3dd4ad
Thu 07 Sep 2023 06:06:06 PM UTC: 
 hashmap.c | 1 -
 1 file changed, 1 deletion(-)
 tests:  0|0
176e667
Thu 07 Sep 2023 06:06:23 PM UTC: 
 hashmap.c | 2 +-
 1 file changed, 1 insertion(+), 1 deletion(-)
 tests:  8|3
total_score: 40/70
4714d82
Thu 07 Sep 2023 06:06:41 PM UTC: 
 hashmap.c | 2 +-
 1 file changed, 1 insertion(+), 1 deletion(-)
 tests:  0|0
3b657eb
Thu 07 Sep 2023 06:07:13 PM UTC: 
 hashmap.c | 2 +-
 1 file changed, 1 insertion(+), 1 deletion(-)
 tests:  8|3
total_score: 40/70
4b634c3
Fri 08 Sep 2023 06:58:07 PM UTC: 
 hashmap.c | 11 ++++++++++-
 1 file changed, 10 insertions(+), 1 deletion(-)
In file included from test.c:4:
hashmap.c: In function ‘eraseMap’:
hashmap.c:84:38: error: expected ‘;’ before ‘map’
   84 |       free(map->buckets[indice]->key)
      |                                      ^
      |                                      ;
   85 |       map->buckets[indice]->key==NULL;
      |       ~~~                             
test.c:453:5: error: ‘main’ is normally a non-static function [-Werror=main]
  453 | int main( int argc, char *argv[] ) {
      |     ^~~~
test.c:511:1: error: expected declaration or statement at end of input
  511 | }
      | ^
At top level:
test.c:453:5: error: ‘main’ defined but not used [-Werror=unused-function]
  453 | int main( int argc, char *argv[] ) {
      |     ^~~~
test.c:217:5: error: ‘insert_test5’ defined but not used [-Werror=unused-function]
  217 | int insert_test5(){ //factor de carga>0.7, se llama a función enlarge
      |     ^~~~~~~~~~~~
test.c:131:6: error: ‘compare_test’ defined but not used [-Werror=unused-function]
  131 | void compare_test(){
      |      ^~~~~~~~~~~~
test.c:125:6: error: ‘hash_test3’ defined but not used [-Werror=unused-function]
  125 | void hash_test3(){ //no random
      |      ^~~~~~~~~~
test.c:111:6: error: ‘hash_test2’ defined but not used [-Werror=unused-function]
  111 | void hash_test2(){ // colisiones
      |      ^~~~~~~~~~
test.c:100:6: error: ‘hash_test1’ defined but not used [-Werror=unused-function]
  100 | void hash_test1(){ // posición válida
      |      ^~~~~~~~~~
cc1: all warnings being treated as errors
Compilation failed
c6cf7ed
Fri 08 Sep 2023 06:58:26 PM UTC: 
 hashmap.c | 2 +-
 1 file changed, 1 insertion(+), 1 deletion(-)
In file included from test.c:4:
hashmap.c: In function ‘eraseMap’:
hashmap.c:85:32: error: statement with no effect [-Werror=unused-value]
   85 |       map->buckets[indice]->key==NULL;
      |                                ^
test.c:453:5: error: ‘main’ is normally a non-static function [-Werror=main]
  453 | int main( int argc, char *argv[] ) {
      |     ^~~~
test.c:511:1: error: expected declaration or statement at end of input
  511 | }
      | ^
At top level:
test.c:453:5: error: ‘main’ defined but not used [-Werror=unused-function]
  453 | int main( int argc, char *argv[] ) {
      |     ^~~~
test.c:217:5: error: ‘insert_test5’ defined but not used [-Werror=unused-function]
  217 | int insert_test5(){ //factor de carga>0.7, se llama a función enlarge
      |     ^~~~~~~~~~~~
test.c:131:6: error: ‘compare_test’ defined but not used [-Werror=unused-function]
  131 | void compare_test(){
      |      ^~~~~~~~~~~~
test.c:125:6: error: ‘hash_test3’ defined but not used [-Werror=unused-function]
  125 | void hash_test3(){ //no random
      |      ^~~~~~~~~~
test.c:111:6: error: ‘hash_test2’ defined but not used [-Werror=unused-function]
  111 | void hash_test2(){ // colisiones
      |      ^~~~~~~~~~
test.c:100:6: error: ‘hash_test1’ defined but not used [-Werror=unused-function]
  100 | void hash_test1(){ // posición válida
      |      ^~~~~~~~~~
cc1: all warnings being treated as errors
Compilation failed
ba4dd03
Fri 08 Sep 2023 06:58:42 PM UTC: 
 hashmap.c | 2 +-
 1 file changed, 1 insertion(+), 1 deletion(-)
test.c: In function ‘eraseMap’:
test.c:453:5: error: ‘main’ is normally a non-static function [-Werror=main]
  453 | int main( int argc, char *argv[] ) {
      |     ^~~~
test.c:511:1: error: expected declaration or statement at end of input
  511 | }
      | ^
At top level:
test.c:453:5: error: ‘main’ defined but not used [-Werror=unused-function]
  453 | int main( int argc, char *argv[] ) {
      |     ^~~~
test.c:217:5: error: ‘insert_test5’ defined but not used [-Werror=unused-function]
  217 | int insert_test5(){ //factor de carga>0.7, se llama a función enlarge
      |     ^~~~~~~~~~~~
test.c:131:6: error: ‘compare_test’ defined but not used [-Werror=unused-function]
  131 | void compare_test(){
      |      ^~~~~~~~~~~~
test.c:125:6: error: ‘hash_test3’ defined but not used [-Werror=unused-function]
  125 | void hash_test3(){ //no random
      |      ^~~~~~~~~~
test.c:111:6: error: ‘hash_test2’ defined but not used [-Werror=unused-function]
  111 | void hash_test2(){ // colisiones
      |      ^~~~~~~~~~
test.c:100:6: error: ‘hash_test1’ defined but not used [-Werror=unused-function]
  100 | void hash_test1(){ // posición válida
      |      ^~~~~~~~~~
cc1: all warnings being treated as errors
Compilation failed
b9545eb
Fri 08 Sep 2023 06:59:05 PM UTC: 
 hashmap.c | 1 +
 1 file changed, 1 insertion(+)
test.c: In function ‘eraseMap’:
test.c:453:5: error: ‘main’ is normally a non-static function [-Werror=main]
  453 | int main( int argc, char *argv[] ) {
      |     ^~~~
test.c:511:1: error: expected declaration or statement at end of input
  511 | }
      | ^
At top level:
test.c:453:5: error: ‘main’ defined but not used [-Werror=unused-function]
  453 | int main( int argc, char *argv[] ) {
      |     ^~~~
test.c:217:5: error: ‘insert_test5’ defined but not used [-Werror=unused-function]
  217 | int insert_test5(){ //factor de carga>0.7, se llama a función enlarge
      |     ^~~~~~~~~~~~
test.c:131:6: error: ‘compare_test’ defined but not used [-Werror=unused-function]
  131 | void compare_test(){
      |      ^~~~~~~~~~~~
test.c:125:6: error: ‘hash_test3’ defined but not used [-Werror=unused-function]
  125 | void hash_test3(){ //no random
      |      ^~~~~~~~~~
test.c:111:6: error: ‘hash_test2’ defined but not used [-Werror=unused-function]
  111 | void hash_test2(){ // colisiones
      |      ^~~~~~~~~~
test.c:100:6: error: ‘hash_test1’ defined but not used [-Werror=unused-function]
  100 | void hash_test1(){ // posición válida
      |      ^~~~~~~~~~
cc1: all warnings being treated as errors
Compilation failed
a69a16e
Fri 08 Sep 2023 07:00:38 PM UTC: 
 hashmap.c | 2 +-
 1 file changed, 1 insertion(+), 1 deletion(-)
test.c: In function ‘eraseMap’:
test.c:453:5: error: ‘main’ is normally a non-static function [-Werror=main]
  453 | int main( int argc, char *argv[] ) {
      |     ^~~~
test.c:511:1: error: expected declaration or statement at end of input
  511 | }
      | ^
At top level:
test.c:453:5: error: ‘main’ defined but not used [-Werror=unused-function]
  453 | int main( int argc, char *argv[] ) {
      |     ^~~~
test.c:217:5: error: ‘insert_test5’ defined but not used [-Werror=unused-function]
  217 | int insert_test5(){ //factor de carga>0.7, se llama a función enlarge
      |     ^~~~~~~~~~~~
test.c:131:6: error: ‘compare_test’ defined but not used [-Werror=unused-function]
  131 | void compare_test(){
      |      ^~~~~~~~~~~~
test.c:125:6: error: ‘hash_test3’ defined but not used [-Werror=unused-function]
  125 | void hash_test3(){ //no random
      |      ^~~~~~~~~~
test.c:111:6: error: ‘hash_test2’ defined but not used [-Werror=unused-function]
  111 | void hash_test2(){ // colisiones
      |      ^~~~~~~~~~
test.c:100:6: error: ‘hash_test1’ defined but not used [-Werror=unused-function]
  100 | void hash_test1(){ // posición válida
      |      ^~~~~~~~~~
cc1: all warnings being treated as errors
Compilation failed
032450b
Fri 08 Sep 2023 07:00:59 PM UTC: 
 hashmap.c | 4 ++--
 1 file changed, 2 insertions(+), 2 deletions(-)
 tests:  8|3
total_score: 40/70
b008af2
Fri 08 Sep 2023 07:10:15 PM UTC: 
 hashmap.c | 11 +++++++++--
 1 file changed, 9 insertions(+), 2 deletions(-)
 tests:  8|3
total_score: 40/70
64de04d
Fri 08 Sep 2023 07:11:22 PM UTC: 
 hashmap.c | 1 +
 1 file changed, 1 insertion(+)
 tests:  10|3
total_score: 40/70
1028c4e
Fri 08 Sep 2023 07:16:10 PM UTC: 
 hashmap.c | 12 ++++++++++--
 1 file changed, 10 insertions(+), 2 deletions(-)
 tests:  10|3
total_score: 40/70
cbdfebe
Fri 08 Sep 2023 07:18:40 PM UTC: 
 hashmap.c | 3 +++
 1 file changed, 3 insertions(+)
 tests:  10|3
total_score: 40/70
cb86773
Fri 08 Sep 2023 07:19:21 PM UTC: 
 hashmap.c | 1 +
 1 file changed, 1 insertion(+)
 tests:  10|3
total_score: 40/70
c75b310
Fri 08 Sep 2023 07:20:52 PM UTC: 
 hashmap.c | 1 +
 1 file changed, 1 insertion(+)
 tests:  10|3
total_score: 40/70
e2fafab
Fri 08 Sep 2023 07:22:03 PM UTC: 
 hashmap.c | 2 +-
 1 file changed, 1 insertion(+), 1 deletion(-)
 tests:  13|2
total_score: 50/70
6abb643
Fri 08 Sep 2023 07:23:37 PM UTC: 
 hashmap.c | 5 +++--
 1 file changed, 3 insertions(+), 2 deletions(-)
test.c: In function ‘eraseMap’:
test.c:453:5: error: ‘main’ is normally a non-static function [-Werror=main]
  453 | int main( int argc, char *argv[] ) {
      |     ^~~~
test.c:511:1: error: expected declaration or statement at end of input
  511 | }
      | ^
At top level:
test.c:453:5: error: ‘main’ defined but not used [-Werror=unused-function]
  453 | int main( int argc, char *argv[] ) {
      |     ^~~~
test.c:217:5: error: ‘insert_test5’ defined but not used [-Werror=unused-function]
  217 | int insert_test5(){ //factor de carga>0.7, se llama a función enlarge
      |     ^~~~~~~~~~~~
test.c:131:6: error: ‘compare_test’ defined but not used [-Werror=unused-function]
  131 | void compare_test(){
      |      ^~~~~~~~~~~~
test.c:125:6: error: ‘hash_test3’ defined but not used [-Werror=unused-function]
  125 | void hash_test3(){ //no random
      |      ^~~~~~~~~~
test.c:111:6: error: ‘hash_test2’ defined but not used [-Werror=unused-function]
  111 | void hash_test2(){ // colisiones
      |      ^~~~~~~~~~
test.c:100:6: error: ‘hash_test1’ defined but not used [-Werror=unused-function]
  100 | void hash_test1(){ // posición válida
      |      ^~~~~~~~~~
cc1: all warnings being treated as errors
Compilation failed
c7ca559
Fri 08 Sep 2023 07:28:44 PM UTC: 
 hashmap.c | 6 ++----
 1 file changed, 2 insertions(+), 4 deletions(-)
test.c: In function ‘eraseMap’:
test.c:453:5: error: ‘main’ is normally a non-static function [-Werror=main]
  453 | int main( int argc, char *argv[] ) {
      |     ^~~~
test.c:511:1: error: expected declaration or statement at end of input
  511 | }
      | ^
At top level:
test.c:453:5: error: ‘main’ defined but not used [-Werror=unused-function]
  453 | int main( int argc, char *argv[] ) {
      |     ^~~~
test.c:217:5: error: ‘insert_test5’ defined but not used [-Werror=unused-function]
  217 | int insert_test5(){ //factor de carga>0.7, se llama a función enlarge
      |     ^~~~~~~~~~~~
test.c:131:6: error: ‘compare_test’ defined but not used [-Werror=unused-function]
  131 | void compare_test(){
      |      ^~~~~~~~~~~~
test.c:125:6: error: ‘hash_test3’ defined but not used [-Werror=unused-function]
  125 | void hash_test3(){ //no random
      |      ^~~~~~~~~~
test.c:111:6: error: ‘hash_test2’ defined but not used [-Werror=unused-function]
  111 | void hash_test2(){ // colisiones
      |      ^~~~~~~~~~
test.c:100:6: error: ‘hash_test1’ defined but not used [-Werror=unused-function]
  100 | void hash_test1(){ // posición válida
      |      ^~~~~~~~~~
cc1: all warnings being treated as errors
Compilation failed
d919e19
Fri 08 Sep 2023 07:37:28 PM UTC: 
 hashmap.c | 11 ++++-------
 1 file changed, 4 insertions(+), 7 deletions(-)
 tests:  16|1
total_score: 60/70
5c3caf9
Fri 08 Sep 2023 08:12:23 PM UTC: 
 hashmap.c | 19 ++++++++++++++++++-
 1 file changed, 18 insertions(+), 1 deletion(-)
In file included from test.c:4:
hashmap.c: In function ‘enlarge’:
hashmap.c:62:22: error: initialization of ‘Pair *’ from incompatible pointer type ‘Pair **’ [-Werror=incompatible-pointer-types]
   62 |   Pair* oldBuckets = map->buckets;
      |                      ^~~
hashmap.c:64:16: error: assignment to ‘Pair **’ from incompatible pointer type ‘Pair *’ [-Werror=incompatible-pointer-types]
   64 |   map->buckets = (Pair*)calloc(map->capacity, sizeof(Pair*));
      |                ^
hashmap.c:69:24: error: invalid operands to binary != (have ‘Pair’ and ‘void *’)
   69 |       if(oldBuckets[i] != NULL && oldBuckets[i]->key != NULL)
      |          ~~~~~~~~~~~~~ ^~
      |                    |
      |                    Pair
hashmap.c:69:48: error: invalid type argument of ‘->’ (have ‘Pair’)
   69 |       if(oldBuckets[i] != NULL && oldBuckets[i]->key != NULL)
      |                                                ^~
hashmap.c:71:37: error: invalid type argument of ‘->’ (have ‘Pair’)
   71 |         insertMap(map, oldBuckets[i]->key , oldBuckets[i]->value);
      |                                     ^~
hashmap.c:71:58: error: invalid type argument of ‘->’ (have ‘Pair’)
   71 |         insertMap(map, oldBuckets[i]->key , oldBuckets[i]->value);
      |                                                          ^~
cc1: all warnings being treated as errors
Compilation failed
03f67ae
